21:40:54 INFO: Request to www.googletagservices.com blocked by host blocker.
21:40:54 INFO: Request to www.google-analytics.com blocked by host blocker.
21:40:54 INFO: Request to secure.quantserve.com blocked by host blocker.
21:40:54 INFO: Request to sb.scorecardresearch.com blocked by host blocker.
21:41:35 INFO: Request to www.google-analytics.com blocked by host blocker.
21:44:05 INFO: Search hit BOTTOM, continuing at TOP
21:44:05 WARNING: Text 'sca' not found on page!
21:44:05 WARNING: Text 'scap' not found on page!
21:44:05 WARNING: Text 'sca' not found on page!
21:44:06 WARNING: Text 'esca' not found on page!
21:44:06 WARNING: Text 'escac' not found on page!
21:44:06 WARNING: Text 'escacp' not found on page!
21:44:07 WARNING: Text 'escacpe' not found on page!
21:44:07 WARNING: Text 'escacp' not found on page!
21:44:07 WARNING: Text 'escac' not found on page!
21:44:07 WARNING: Text 'esca' not found on page!
21:44:08 WARNING: Text 'esca' not found on page!
21:44:08 WARNING: Text 'escap' not found on page!
21:44:08 WARNING: Text 'escape' not found on page!
21:44:08 WARNING: Text 'escape' not found on page!
21:44:12 INFO: Request to www.googletagservices.com blocked by host blocker.
21:44:12 INFO: Request to www.google-analytics.com blocked by host blocker.
21:44:12 INFO: Request to secure.quantserve.com blocked by host blocker.
21:44:12 INFO: Request to sb.scorecardresearch.com blocked by host blocker.
21:47:39 INFO: Request to www.googletagservices.com blocked by host blocker.
21:47:39 INFO: Request to www.google-analytics.com blocked by host blocker.
21:47:39 INFO: Request to secure.quantserve.com blocked by host blocker.
21:47:39 INFO: Request to sb.scorecardresearch.com blocked by host blocker.
21:47:39 ERROR: At end of history.
21:47:39 INFO: Request to www.google-analytics.com blocked by host blocker.
libpng warning: iCCP: known incorrect sRGB profile
libpng warning: iCCP: known incorrect sRGB profile
21:48:49 INFO: Request to www.googletagservices.com blocked by host blocker.
21:48:49 INFO: Request to www.google-analytics.com blocked by host blocker.
21:48:49 INFO: Request to secure.quantserve.com blocked by host blocker.
21:48:49 INFO: Request to sb.scorecardresearch.com blocked by host blocker.
21:51:00 INFO: Request to ib.adnxs.com blocked by host blocker.
21:51:00 INFO: Request to adserver-us.adtech.advertising.com blocked by host blocker.
21:51:00 INFO: Request to adserver-us.adtech.advertising.com blocked by host blocker.
21:51:00 INFO: Request to adserver-us.adtech.advertising.com blocked by host blocker.
21:51:00 INFO: Request to adserver-us.adtech.advertising.com blocked by host blocker.
21:51:00 INFO: Request to adserver-us.adtech.advertising.com blocked by host blocker.
21:51:00 INFO: Request to adserver-us.adtech.advertising.com blocked by host blocker.
21:51:00 INFO: Request to adserver-us.adtech.advertising.com blocked by host blocker.
21:51:00 INFO: Request to adserver-us.adtech.advertising.com blocked by host blocker.
21:51:00 INFO: Request to adserver-us.adtech.advertising.com blocked by host blocker.
21:51:00 INFO: Request to adserver-us.adtech.advertising.com blocked by host blocker.
21:51:00 INFO: Request to adserver-us.adtech.advertising.com blocked by host blocker.
21:51:00 INFO: Request to adserver-us.adtech.advertising.com blocked by host blocker.
21:51:00 INFO: Request to ap.lijit.com blocked by host blocker.
21:51:00 INFO: Request to securepubads.g.doubleclick.net blocked by host blocker.
21:51:00 INFO: Request to pagead2.googlesyndication.com blocked by host blocker.
21:51:00 INFO: Request to www.google-analytics.com blocked by host blocker.
21:51:00 INFO: Request to ssl.google-analytics.com blocked by host blocker.
21:51:01 INFO: Request to pagead2.googlesyndication.com blocked by host blocker.
libpng warning: iCCP: known incorrect sRGB profile
21:51:03 INFO: Request to static.criteo.net blocked by host blocker.
21:51:06 INFO: Request to glitter.services.disqus.com blocked by host blocker.
21:51:06 INFO: Request to referrer.disqus.com blocked by host blocker.
21:51:06 INFO: Request to secure.quantserve.com blocked by host blocker.
21:51:06 INFO: Request to sb.scorecardresearch.com blocked by host blocker.
21:51:11 INFO: Request to referrer.disqus.com blocked by host blocker.
21:54:24 INFO: Request to www.google-analytics.com blocked by host blocker.
libpng warning: iCCP: known incorrect sRGB profile
libpng warning: iCCP: known incorrect sRGB profile
22:01:41 INFO: Request to www.googletagservices.com blocked by host blocker.
22:01:41 INFO: Request to www.google-analytics.com blocked by host blocker.
22:01:41 INFO: Request to secure.quantserve.com blocked by host blocker.
22:01:41 INFO: Request to sb.scorecardresearch.com blocked by host blocker.
22:01:49 INFO: Request to www.googletagservices.com blocked by host blocker.
22:01:49 INFO: Request to www.google-analytics.com blocked by host blocker.
22:01:49 INFO: Request to secure.quantserve.com blocked by host blocker.
22:01:49 INFO: Request to sb.scorecardresearch.com blocked by host blocker.
22:07:37 INFO: Tab is pinned!
22:09:20 INFO: Request to www.googletagservices.com blocked by host blocker.
22:09:20 INFO: Request to www.google-analytics.com blocked by host blocker.
22:09:20 INFO: Request to secure.quantserve.com blocked by host blocker.
22:09:20 INFO: Request to sb.scorecardresearch.com blocked by host blocker.
22:09:41 INFO: Request to z-na.amazon-adsystem.com blocked by host blocker.
22:09:41 INFO: Request to widgets.outbrain.com blocked by host blocker.
22:09:41 INFO: Request to www.googletagservices.com blocked by host blocker.
22:09:41 INFO: Request to s.dpmsrv.com blocked by host blocker.
22:09:41 INFO: Request to www.google-analytics.com blocked by host blocker.
libpng warning: iCCP: known incorrect sRGB profile
22:09:41 INFO: Request to tag.crsspxl.com blocked by host blocker.
22:09:42 INFO: Request to hbopenbid.pubmatic.com blocked by host blocker.
22:09:42 INFO: Request to fastlane.rubiconproject.com blocked by host blocker.
22:09:42 INFO: Request to fastlane.rubiconproject.com blocked by host blocker.
22:09:42 INFO: Request to fastlane.rubiconproject.com blocked by host blocker.
22:09:42 INFO: Request to fastlane.rubiconproject.com blocked by host blocker.
22:09:42 INFO: Request to ap.lijit.com blocked by host blocker.
22:09:42 INFO: Request to ib.adnxs.com blocked by host blocker.
22:09:42 INFO: Request to rb.adnxs.com blocked by host blocker.
22:09:43 INFO: Request to rb.adnxs.com blocked by host blocker.
22:09:47 INFO: Request to ad.doubleclick.net blocked by host blocker.
22:09:47 INFO: Request to static.chartbeat.com blocked by host blocker.
22:09:48 INFO: Request to ad.doubleclick.net blocked by host blocker.
22:09:48 INFO: Request to ad.doubleclick.net blocked by host blocker.
libpng warning: iCCP: known incorrect sRGB profile
libpng warning: iCCP: known incorrect sRGB profile
22:10:47 INFO: Request to www.googletagservices.com blocked by host blocker.
22:10:47 INFO: Request to www.google-analytics.com blocked by host blocker.
22:10:47 INFO: Request to secure.quantserve.com blocked by host blocker.
22:10:47 INFO: Request to sb.scorecardresearch.com blocked by host blocker.
22:10:55 INFO: Request to www.googletagservices.com blocked by host blocker.
22:10:55 INFO: Request to www.google-analytics.com blocked by host blocker.
22:10:55 INFO: Request to secure.quantserve.com blocked by host blocker.
22:10:55 INFO: Request to sb.scorecardresearch.com blocked by host blocker.
libpng warning: iCCP: known incorrect sRGB profile
22:11:11 INFO: Request to www.googletagservices.com blocked by host blocker.
22:11:11 INFO: Request to www.google-analytics.com blocked by host blocker.
22:11:11 INFO: Request to secure.quantserve.com blocked by host blocker.
22:11:11 INFO: Request to sb.scorecardresearch.com blocked by host blocker.
22:12:46 INFO: Request to www.googletagservices.com blocked by host blocker.
22:12:46 INFO: Request to www.google-analytics.com blocked by host blocker.
22:12:46 INFO: Request to secure.quantserve.com blocked by host blocker.
22:12:46 INFO: Request to sb.scorecardresearch.com blocked by host blocker.
libpng warning: iCCP: known incorrect sRGB profile
22:13:03 ERROR: At beginning of history.
22:13:04 INFO: Request to www.googletagservices.com blocked by host blocker.
22:13:04 INFO: Request to www.google-analytics.com blocked by host blocker.
22:13:04 INFO: Request to secure.quantserve.com blocked by host blocker.
22:13:04 INFO: Request to sb.scorecardresearch.com blocked by host blocker.
libpng warning: iCCP: known incorrect sRGB profile
libpng warning: iCCP: known incorrect sRGB profile
22:13:10 ERROR: At beginning of history.
22:15:13 INFO: Request to www.googletagservices.com blocked by host blocker.
22:15:13 INFO: Request to www.google-analytics.com blocked by host blocker.
22:15:13 INFO: Request to secure.quantserve.com blocked by host blocker.
22:15:13 INFO: Request to sb.scorecardresearch.com blocked by host blocker.
22:15:29 INFO: Request to www.googletagservices.com blocked by host blocker.
22:15:29 INFO: Request to www.google-analytics.com blocked by host blocker.
22:15:29 INFO: Request to secure.quantserve.com blocked by host blocker.
22:15:29 INFO: Request to sb.scorecardresearch.com blocked by host blocker.
22:16:48 INFO: Request to pagead2.googlesyndication.com blocked by host blocker.
22:16:48 INFO: Request to ssl.google-analytics.com blocked by host blocker.
22:16:58 INFO: Request to www.google-analytics.com blocked by host blocker.
22:17:08 INFO: Request to www.googletagservices.com blocked by host blocker.
22:17:08 INFO: Request to www.google-analytics.com blocked by host blocker.
22:17:08 INFO: Request to secure.quantserve.com blocked by host blocker.
22:17:08 INFO: Request to sb.scorecardresearch.com blocked by host blocker.
[29163:29176:0506/222032.076322:ERROR:nss_ocsp.cc(591)] No URLRequestContext for NSS HTTP handler. host: ocsp.digicert.com
[29163:29176:0506/222032.076488:ERROR:nss_ocsp.cc(591)] No URLRequestContext for NSS HTTP handler. host: ocsp.digicert.com
[29163:29176:0506/222032.076561:ERROR:nss_ocsp.cc(591)] No URLRequestContext for NSS HTTP handler. host: crl4.digicert.com
[29163:29176:0506/222032.078262:ERROR:nss_ocsp.cc(591)] No URLRequestContext for NSS HTTP handler. host: ocsp.digicert.com
[29163:29176:0506/222032.078314:ERROR:nss_ocsp.cc(591)] No URLRequestContext for NSS HTTP handler. host: ocsp.digicert.com
[29163:29176:0506/222032.078363:ERROR:nss_ocsp.cc(591)] No URLRequestContext for NSS HTTP handler. host: crl4.digicert.com
22:20:32 INFO: Request to www.google-analytics.com blocked by host blocker.
22:20:35 INFO: Request to d1z2jf7jlzjs58.cloudfront.net blocked by host blocker.
22:20:36 INFO: Request to cdn.branch.io blocked by host blocker.
22:20:37 INFO: Request to collector-medium.lightstep.com blocked by host blocker.
22:20:42 INFO: Request to collector-medium.lightstep.com blocked by host blocker.
22:20:48 INFO: Request to collector-medium.lightstep.com blocked by host blocker.
22:21:00 INFO: Request to collector-medium.lightstep.com blocked by host blocker.
22:21:03 INFO: Request to collector-medium.lightstep.com blocked by host blocker.
libpng warning: iCCP: known incorrect sRGB profile
22:21:25 INFO: Request to www.google-analytics.com blocked by host blocker.
22:21:27 INFO: Request to d1z2jf7jlzjs58.cloudfront.net blocked by host blocker.
22:21:28 INFO: Request to cdn.branch.io blocked by host blocker.
22:21:29 INFO: Request to collector-medium.lightstep.com blocked by host blocker.
22:21:32 INFO: Search hit BOTTOM, continuing at TOP
22:21:33 INFO: Request to collector-medium.lightstep.com blocked by host blocker.
22:21:39 INFO: Request to collector-medium.lightstep.com blocked by host blocker.
22:21:50 INFO: Request to collector-medium.lightstep.com blocked by host blocker.
22:22:01 INFO: Request to collector-medium.lightstep.com blocked by host blocker.
22:22:13 INFO: Request to collector-medium.lightstep.com blocked by host blocker.
22:22:17 INFO: Yanked URL to clipboard: https://medium.com/@damko/a-simple-humble-but-comprehensive-guide-to-xkb-for-linux-6f1ad5e13450
22:22:32 INFO: Request to collector-medium.lightstep.com blocked by host blocker.
22:22:52 INFO: Request to collector-medium.lightstep.com blocked by host blocker.
22:23:02 INFO: Search hit BOTTOM, continuing at TOP
22:23:03 INFO: Search hit BOTTOM, continuing at TOP
22:23:16 INFO: Request to collector-medium.lightstep.com blocked by host blocker.
22:23:19 INFO: Request to collector-medium.lightstep.com blocked by host blocker.
22:23:34 INFO: Request to www.googletagservices.com blocked by host blocker.
22:23:34 INFO: Request to www.google-analytics.com blocked by host blocker.
22:23:34 INFO: Request to secure.quantserve.com blocked by host blocker.
22:23:34 INFO: Request to sb.scorecardresearch.com blocked by host blocker.
libpng warning: iCCP: known incorrect sRGB profile
22:24:26 INFO: Search hit BOTTOM, continuing at TOP
22:24:26 WARNING: Text 'menu' not found on page!
22:24:27 INFO: Search hit BOTTOM, continuing at TOP
22:24:28 WARNING: Text 'comman' not found on page!
22:24:28 WARNING: Text 'command' not found on page!
22:24:29 WARNING: Text 'comman' not found on page!
libpng warning: iCCP: known incorrect sRGB profile
libpng warning: iCCP: known incorrect sRGB profile
22:27:40 INFO: Request to www.google-analytics.com blocked by host blocker.
libpng warning: iCCP: known incorrect sRGB profile
libpng warning: iCCP: known incorrect sRGB profile
[29163:29176:0506/222834.978152:ERROR:nss_ocsp.cc(591)] No URLRequestContext for NSS HTTP handler. host: ocsp.digicert.com
[29163:29176:0506/222834.978299:ERROR:nss_ocsp.cc(591)] No URLRequestContext for NSS HTTP handler. host: ocsp.digicert.com
[29163:29176:0506/222834.978412:ERROR:nss_ocsp.cc(591)] No URLRequestContext for NSS HTTP handler. host: crl4.digicert.com
[29163:29176:0506/222834.982610:ERROR:nss_ocsp.cc(591)] No URLRequestContext for NSS HTTP handler. host: ocsp.digicert.com
[29163:29176:0506/222834.982653:ERROR:nss_ocsp.cc(591)] No URLRequestContext for NSS HTTP handler. host: ocsp.digicert.com
[29163:29176:0506/222834.982715:ERROR:nss_ocsp.cc(591)] No URLRequestContext for NSS HTTP handler. host: crl4.digicert.com
22:28:38 INFO: Request to collector.githubapp.com blocked by host blocker.
[29163:29163:0506/222936.017772:ERROR:zygote_communication_linux.cc(292)] Failed to send GetTerminationStatus message to zygote
[29163:29163:0506/222936.020623:ERROR:zygote_communication_linux.cc(292)] Failed to send GetTerminationStatus message to zygote
[29163:29163:0506/222936.049335:ERROR:zygote_communication_linux.cc(292)] Failed to send GetTerminationStatus message to zygote
[29163:29163:0506/222936.051567:ERROR:zygote_communication_linux.cc(292)] Failed to send GetTerminationStatus message to zygote
22:29:42 WARNING: Text 'c' not found on page!
Discord 0.0.10
Starting app.
Starting updater.
[Modules] Modules initializing
[Modules] Distribution: remote
[Modules] Host updates: enabled
[Modules] Module updates: enabled
[Modules] Module install path: /home/a/.config/discord/0.0.10/modules
[Modules] Module installed file path: /home/a/.config/discord/0.0.10/modules/installed.json
[Modules] Module download path: /home/a/.config/discord/0.0.10/modules/pending
[10609:0509/140847.675903:ERROR:buffer_manager.cc(488)] [.DisplayCompositor]GL ERROR :GL_INVALID_OPERATION : glBufferData: <- error from previous GL command
[Modules] No updates to install
[Modules] Checking for host updates.
[Modules] Host is up to date.
[Modules] Checking for module updates at https://discordapp.com/api/modules/stable/versions.json
[Modules] No module updates available.
[10609:0509/140848.238338:ERROR:buffer_manager.cc(488)] [.DisplayCompositor]GL ERROR :GL_INVALID_OPERATION : glBufferData: <- error from previous GL command
[Modules] Starting to install discord_krisp...
[Modules] Fetching discord_krisp@0 from https://discordapp.com/api/modules/stable/discord_krisp/0
[Modules] Streaming discord_krisp@0 to /home/a/.config/discord/0.0.10/modules/pending/discord_krisp-0.zip
Error downloading with electron net: HTTP Error: Status Code 403
Falling back to node net library..
[Modules] Failed fetching module discord_krisp@0: Error: HTTP Error: Status Code 403
[Modules] Finished module downloads. [success: 0] [failure: 1]
(electron) 'isAccessibilitySupportEnabled function' is deprecated and will be removed. Please use 'accessibilitySupportEnabled property' instead.
(electron) 'setBadgeCount function' is deprecated and will be removed. Please use 'badgeCount property' instead.
[Modules] Checking for host updates.
[Modules] Host is up to date.
[Modules] Checking for module updates at https://discordapp.com/api/modules/stable/versions.json
[Modules] No module updates available.

(discord:10552): libnotify-WARNING **: 15:30:08.188: Failed to connect to proxy

(discord:10552): libnotify-WARNING **: 15:30:08.192: Failed to connect to proxy

(discord:10552): libnotify-WARNING **: 15:30:08.194: Failed to connect to proxy
[Modules] Checking for host updates.
[Modules] Host is up to date.
[Modules] Checking for module updates at https://discordapp.com/api/modules/stable/versions.json
[Modules] No module updates available.

(discord:10552): libnotify-WARNING **: 16:11:13.591: Failed to connect to proxy

(discord:10552): libnotify-WARNING **: 16:11:13.594: Failed to connect to proxy

(discord:10552): libnotify-WARNING **: 16:11:13.606: Failed to connect to proxy

(discord:10552): libnotify-WARNING **: 16:11:27.983: Failed to connect to proxy

(discord:10552): libnotify-WARNING **: 16:11:27.985: Failed to connect to proxy

(discord:10552): libnotify-WARNING **: 16:11:27.989: Failed to connect to proxy

(discord:10552): libnotify-WARNING **: 16:11:33.347: Failed to connect to proxy

(discord:10552): libnotify-WARNING **: 16:11:33.351: Failed to connect to proxy

(discord:10552): libnotify-WARNING **: 16:11:33.353: Failed to connect to proxy
[Modules] Checking for host updates.
[Modules] Host is up to date.
[Modules] Checking for module updates at https://discordapp.com/api/modules/stable/versions.json
[Modules] No module updates available.

(discord:10552): libnotify-WARNING **: 17:10:58.015: Failed to connect to proxy

(discord:10552): libnotify-WARNING **: 17:10:58.019: Failed to connect to proxy

(discord:10552): libnotify-WARNING **: 17:10:58.021: Failed to connect to proxy

(discord:10552): libnotify-WARNING **: 17:11:09.186: Failed to connect to proxy

(discord:10552): libnotify-WARNING **: 17:11:09.189: Failed to connect to proxy

(discord:10552): libnotify-WARNING **: 17:11:09.191: Failed to connect to proxy

(discord:10552): libnotify-WARNING **: 17:26:51.886: Failed to connect to proxy

(discord:10552): libnotify-WARNING **: 17:26:51.889: Failed to connect to proxy

(discord:10552): libnotify-WARNING **: 17:26:51.891: Failed to connect to proxy

(discord:10552): libnotify-WARNING **: 17:27:11.756: Failed to connect to proxy

(discord:10552): libnotify-WARNING **: 17:27:11.758: Failed to connect to proxy

(discord:10552): libnotify-WARNING **: 17:27:11.759: Failed to connect to proxy

(discord:10552): libnotify-WARNING **: 17:37:40.764: Failed to connect to proxy

(discord:10552): libnotify-WARNING **: 17:37:40.766: Failed to connect to proxy

(discord:10552): libnotify-WARNING **: 17:37:40.770: Failed to connect to proxy

(discord:10552): libnotify-WARNING **: 17:42:13.620: Failed to connect to proxy

(discord:10552): libnotify-WARNING **: 17:42:13.626: Failed to connect to proxy

(discord:10552): libnotify-WARNING **: 17:42:13.630: Failed to connect to proxy

(discord:10552): libnotify-WARNING **: 17:43:42.185: Failed to connect to proxy

(discord:10552): libnotify-WARNING **: 17:43:42.189: Failed to connect to proxy

(discord:10552): libnotify-WARNING **: 17:43:42.194: Failed to connect to proxy

(discord:10552): libnotify-WARNING **: 17:45:21.883: Failed to connect to proxy

(discord:10552): libnotify-WARNING **: 17:45:21.886: Failed to connect to proxy

(discord:10552): libnotify-WARNING **: 17:45:21.888: Failed to connect to proxy

(discord:10552): libnotify-WARNING **: 17:51:30.027: Failed to connect to proxy

(discord:10552): libnotify-WARNING **: 17:51:30.032: Failed to connect to proxy

(discord:10552): libnotify-WARNING **: 17:51:30.037: Failed to connect to proxy

(discord:10552): libnotify-WARNING **: 17:52:25.647: Failed to connect to proxy

(discord:10552): libnotify-WARNING **: 17:52:25.656: Failed to connect to proxy

(discord:10552): libnotify-WARNING **: 17:52:25.660: Failed to connect to proxy
[Modules] Checking for host updates.
[Modules] Host is up to date.
[Modules] Checking for module updates at https://discordapp.com/api/modules/stable/versions.json
[Modules] No module updates available.
extServer: Server started at http://127.0.0.1:45653/
updateManager: Checking for updates.
18:18:08.469 › Checking for update
18:18:08.484 › Error: Error: ENOENT: no such file or directory, open '/snap/standard-notes/10/resources/app-update.yml'
updateManager: Exception caught while checking for autoupdates: [Error: ENOENT: no such file or directory, open '/snap/standard-notes/10/resources/app-update.yml'] {
  errno: -2,
  code: 'ENOENT',
  syscall: 'open',
  path: '/snap/standard-notes/10/resources/app-update.yml'
}
updateManager: Error: net::ERR_INTERNET_DISCONNECTED
    at SimpleURLLoaderWrapper.<anonymous> (electron/js2c/browser_init.js:2519:21)
    at SimpleURLLoaderWrapper.emit (events.js:210:5)
PackageManager: received sync event for: Batch Manager (undefined) (deleted: false), Extensions (undefined) (deleted: false)
PackageManager: Tried to install a component with no download url: Batch Manager
PackageManager: Tried to install a component with no download url: Extensions
archiveManager: Data backup successfully saved: 2020-05-10T01-19-21.520Z.txt
[Modules] Checking for host updates.
[Modules] Host is up to date.
[Modules] Checking for module updates at https://discordapp.com/api/modules/stable/versions.json
[Modules] No module updates available.
[Modules] Checking for host updates.
[Modules] Host is up to date.
[Modules] Checking for module updates at https://discordapp.com/api/modules/stable/versions.json
[Modules] No module updates available.
[Modules] Checking for host updates.
[Modules] Host is up to date.
[Modules] Checking for module updates at https://discordapp.com/api/modules/stable/versions.json
[Modules] No module updates available.

(discord:10552): libnotify-WARNING **: 01:25:55.584: Failed to connect to proxy

(discord:10552): libnotify-WARNING **: 01:25:55.588: Failed to connect to proxy

(discord:10552): libnotify-WARNING **: 01:25:55.591: Failed to connect to proxy

(discord:10552): libnotify-WARNING **: 01:26:12.126: Failed to connect to proxy

(discord:10552): libnotify-WARNING **: 01:26:12.129: Failed to connect to proxy

(discord:10552): libnotify-WARNING **: 01:26:12.134: Failed to connect to proxy
Discord 0.0.10
Starting app.
Starting updater.
[Modules] Modules initializing
[Modules] Distribution: remote
[Modules] Host updates: enabled
[Modules] Module updates: enabled
[Modules] Module install path: /home/a/.config/discord/0.0.10/modules
[Modules] Module installed file path: /home/a/.config/discord/0.0.10/modules/installed.json
[Modules] Module download path: /home/a/.config/discord/0.0.10/modules/pending
[6346:0511/220538.606567:ERROR:buffer_manager.cc(488)] [.DisplayCompositor]GL ERROR :GL_INVALID_OPERATION : glBufferData: <- error from previous GL command
[Modules] No updates to install
[Modules] Checking for host updates.
[Modules] Host is up to date.
[Modules] Checking for module updates at https://discordapp.com/api/modules/stable/versions.json
[Modules] No module updates available.
[6346:0511/220539.134707:ERROR:buffer_manager.cc(488)] [.DisplayCompositor]GL ERROR :GL_INVALID_OPERATION : glBufferData: <- error from previous GL command
[Modules] Starting to install discord_krisp...
[Modules] Fetching discord_krisp@0 from https://discordapp.com/api/modules/stable/discord_krisp/0
[Modules] Streaming discord_krisp@0 to /home/a/.config/discord/0.0.10/modules/pending/discord_krisp-0.zip
Error downloading with electron net: HTTP Error: Status Code 403
Falling back to node net library..
(electron) 'isAccessibilitySupportEnabled function' is deprecated and will be removed. Please use 'accessibilitySupportEnabled property' instead.
[Modules] Failed fetching module discord_krisp@0: Error: HTTP Error: Status Code 403
[Modules] Finished module downloads. [success: 0] [failure: 1]
(electron) 'setBadgeCount function' is deprecated and will be removed. Please use 'badgeCount property' instead.

(discord:6317): libnotify-WARNING **: 23:58:53.207: Failed to connect to proxy

(discord:6317): libnotify-WARNING **: 23:58:53.209: Failed to connect to proxy

(discord:6317): libnotify-WARNING **: 23:58:53.212: Failed to connect to proxy
Discord 0.0.10
Starting app.
Another instance exists. Quitting.
libpng warning: iCCP: known incorrect sRGB profile
00:35:12 INFO: Request to cdn.appdynamics.com blocked by host blocker.
00:35:12 INFO: Request to dpm.demdex.net blocked by host blocker.
A Parser-blocking, cross-origin script, https://assets.adobedtm.com/850bf62b6b0b4d50cf7dd83d7e6420defa9aee41/mbox-contents-54397e947041f8b4092f714b125ebc1f98864bbd.js, is invoked via document.write. This may be blocked by the browser if the device has poor network connectivity. See https://www.chromestatus.com/feature/5718547946799104 for more details.
A Parser-blocking, cross-origin script, https://assets.adobedtm.com/850bf62b6b0b4d50cf7dd83d7e6420defa9aee41/mbox-contents-54397e947041f8b4092f714b125ebc1f98864bbd.js, is invoked via document.write. This may be blocked by the browser if the device has poor network connectivity. See https://www.chromestatus.com/feature/5718547946799104 for more details.
A Parser-blocking, cross-origin script, https://assets.adobedtm.com/850bf62b6b0b4d50cf7dd83d7e6420defa9aee41/scripts/satellite-5be622ad64746d17ce005279.js, is invoked via document.write. This may be blocked by the browser if the device has poor network connectivity. See https://www.chromestatus.com/feature/5718547946799104 for more details.
00:35:12 INFO: Request to bat.bing.com blocked by host blocker.
00:35:12 INFO: Request to dpm.demdex.net blocked by host blocker.
00:35:14 INFO: Request to dpm.demdex.net blocked by host blocker.
00:35:14 INFO: Request to secure.adnxs.com blocked by host blocker.
00:35:14 INFO: Request to www.googleadservices.com blocked by host blocker.
00:35:15 INFO: Request to adservice.google.com blocked by host blocker.
00:35:22 INFO: Request to cdn.appdynamics.com blocked by host blocker.
00:35:22 INFO: Request to dpm.demdex.net blocked by host blocker.
A Parser-blocking, cross-origin script, https://assets.adobedtm.com/850bf62b6b0b4d50cf7dd83d7e6420defa9aee41/mbox-contents-54397e947041f8b4092f714b125ebc1f98864bbd.js, is invoked via document.write. This may be blocked by the browser if the device has poor network connectivity. See https://www.chromestatus.com/feature/5718547946799104 for more details.
A Parser-blocking, cross-origin script, https://assets.adobedtm.com/850bf62b6b0b4d50cf7dd83d7e6420defa9aee41/mbox-contents-54397e947041f8b4092f714b125ebc1f98864bbd.js, is invoked via document.write. This may be blocked by the browser if the device has poor network connectivity. See https://www.chromestatus.com/feature/5718547946799104 for more details.
A Parser-blocking, cross-origin script, https://assets.adobedtm.com/850bf62b6b0b4d50cf7dd83d7e6420defa9aee41/scripts/satellite-5be622ad64746d17ce005279.js, is invoked via document.write. This may be blocked by the browser if the device has poor network connectivity. See https://www.chromestatus.com/feature/5718547946799104 for more details.
00:35:22 INFO: Request to bat.bing.com blocked by host blocker.
00:35:23 INFO: Request to www.googleadservices.com blocked by host blocker.
00:35:23 INFO: Request to secure.adnxs.com blocked by host blocker.
00:35:24 INFO: Request to dpm.demdex.net blocked by host blocker.
00:35:24 INFO: Request to adservice.google.com blocked by host blocker.
00:35:27 INFO: Request to dpm.demdex.net blocked by host blocker.
00:35:27 INFO: Request to dpm.demdex.net blocked by host blocker.
00:35:43 INFO: Request to dpm.demdex.net blocked by host blocker.
00:36:06 INFO: Request to dpm.demdex.net blocked by host blocker.
00:36:21 INFO: Request to dpm.demdex.net blocked by host blocker.
00:36:25 INFO: Request to cdn.appdynamics.com blocked by host blocker.
00:36:25 INFO: Request to dpm.demdex.net blocked by host blocker.
A Parser-blocking, cross-origin script, https://assets.adobedtm.com/850bf62b6b0b4d50cf7dd83d7e6420defa9aee41/mbox-contents-54397e947041f8b4092f714b125ebc1f98864bbd.js, is invoked via document.write. This may be blocked by the browser if the device has poor network connectivity. See https://www.chromestatus.com/feature/5718547946799104 for more details.
A Parser-blocking, cross-origin script, https://assets.adobedtm.com/850bf62b6b0b4d50cf7dd83d7e6420defa9aee41/mbox-contents-54397e947041f8b4092f714b125ebc1f98864bbd.js, is invoked via document.write. This may be blocked by the browser if the device has poor network connectivity. See https://www.chromestatus.com/feature/5718547946799104 for more details.
A Parser-blocking, cross-origin script, https://assets.adobedtm.com/850bf62b6b0b4d50cf7dd83d7e6420defa9aee41/scripts/satellite-5be622ad64746d17ce005279.js, is invoked via document.write. This may be blocked by the browser if the device has poor network connectivity. See https://www.chromestatus.com/feature/5718547946799104 for more details.
00:36:25 INFO: Request to bat.bing.com blocked by host blocker.
00:36:26 INFO: Request to www.googleadservices.com blocked by host blocker.
00:36:26 INFO: Request to secure.adnxs.com blocked by host blocker.
00:36:26 INFO: Request to dpm.demdex.net blocked by host blocker.
00:36:27 INFO: Request to adservice.google.com blocked by host blocker.
00:36:29 INFO: Request to dpm.demdex.net blocked by host blocker.
00:36:48 INFO: Request to www.googletagservices.com blocked by host blocker.
00:36:48 INFO: Request to beacon.walmart.com blocked by host blocker.
00:36:55 INFO: Request to beacon.walmart.com blocked by host blocker.
00:37:16 INFO: Request to beacon.walmart.com blocked by host blocker.
00:37:16 INFO: Request to www.googletagservices.com blocked by host blocker.
00:38:58 INFO: Request to pagead2.googlesyndication.com blocked by host blocker.
00:38:58 INFO: Request to ssl.google-analytics.com blocked by host blocker.
00:39:07 INFO: Request to pagead2.googlesyndication.com blocked by host blocker.
00:39:07 INFO: Request to ssl.google-analytics.com blocked by host blocker.
00:59:21 INFO: Request to pagead2.googlesyndication.com blocked by host blocker.
00:59:21 INFO: Request to www.google-analytics.com blocked by host blocker.
01:18:35 INFO: Request to www.google-analytics.com blocked by host blocker.
01:18:35 INFO: Request to www.googletagservices.com blocked by host blocker.
[Modules] Checking for host updates.
[Modules] Host is up to date.
[Modules] Checking for module updates at https://discordapp.com/api/modules/stable/versions.json
[Modules] No module updates available.
01:23:52 INFO: Request to z-na.amazon-adsystem.com blocked by host blocker.
01:23:52 INFO: Request to securepubads.g.doubleclick.net blocked by host blocker.
01:23:52 INFO: Request to c.amazon-adsystem.com blocked by host blocker.
01:23:53 INFO: Request to www.google-analytics.com blocked by host blocker.
01:23:53 INFO: Request to cdn.viglink.com blocked by host blocker.
01:23:53 INFO: Request to sb.scorecardresearch.com blocked by host blocker.
01:23:53 INFO: Request to adservice.google.com blocked by host blocker.
[6213:15556:0512/012353.803915:ERROR:object_proxy.cc(505)] Rejecting a message from a wrong sender.
[6213:15556:0512/012353.803984:ERROR:object_proxy.cc(505)] Rejecting a message from a wrong sender.
01:23:54 INFO: Request to log.pinterest.com blocked by host blocker.
01:23:54 INFO: Request to www.google-analytics.com blocked by host blocker.
01:23:54 INFO: Request to sb.scorecardresearch.com blocked by host blocker.
01:23:54 INFO: Request to tags.bluekai.com blocked by host blocker.
01:23:54 INFO: Request to loadus.exelator.com blocked by host blocker.
01:23:54 INFO: Request to aa.agkn.com blocked by host blocker.
01:23:54 INFO: Request to stags.bluekai.com blocked by host blocker.
01:23:55 INFO: Request to pubads.g.doubleclick.net blocked by host blocker.
01:23:55 INFO: Request to pubads.g.doubleclick.net blocked by host blocker.
01:23:55 INFO: Request to sb.scorecardresearch.com blocked by host blocker.
01:24:04 INFO: Request to pubads.g.doubleclick.net blocked by host blocker.
01:24:04 INFO: Request to pubads.g.doubleclick.net blocked by host blocker.
01:24:04 INFO: Request to sb.scorecardresearch.com blocked by host blocker.
01:24:13 INFO: Request to pubads.g.doubleclick.net blocked by host blocker.
01:24:13 INFO: Request to pubads.g.doubleclick.net blocked by host blocker.
01:24:14 INFO: Request to sb.scorecardresearch.com blocked by host blocker.
01:24:23 INFO: Request to pubads.g.doubleclick.net blocked by host blocker.
01:24:23 INFO: Request to pubads.g.doubleclick.net blocked by host blocker.
01:24:24 INFO: Request to sb.scorecardresearch.com blocked by host blocker.
01:24:24 INFO: Request to sb.scorecardresearch.com blocked by host blocker.
01:24:25 INFO: Request to z-na.amazon-adsystem.com blocked by host blocker.
01:24:25 INFO: Request to securepubads.g.doubleclick.net blocked by host blocker.
01:24:25 INFO: Request to c.amazon-adsystem.com blocked by host blocker.
01:24:25 INFO: Request to www.google-analytics.com blocked by host blocker.
01:24:25 INFO: Request to cdn.viglink.com blocked by host blocker.
01:24:25 INFO: Request to sb.scorecardresearch.com blocked by host blocker.
01:24:25 INFO: Request to metrics.brightcove.com blocked by host blocker.
01:24:25 INFO: Request to metrics.brightcove.com blocked by host blocker.
01:24:26 INFO: Request to metrics.brightcove.com blocked by host blocker.
01:24:26 INFO: Request to metrics.brightcove.com blocked by host blocker.
01:24:26 INFO: Request to metrics.brightcove.com blocked by host blocker.
01:24:26 INFO: Request to adservice.google.com blocked by host blocker.
01:24:26 INFO: Request to metrics.brightcove.com blocked by host blocker.
01:24:26 INFO: Request to metrics.brightcove.com blocked by host blocker.
01:24:26 INFO: Request to bcp.crwdcntrl.net blocked by host blocker.
01:24:26 INFO: Request to sb.scorecardresearch.com blocked by host blocker.
01:24:27 INFO: Request to log.pinterest.com blocked by host blocker.
01:24:33 INFO: Request to z-na.amazon-adsystem.com blocked by host blocker.
01:24:33 INFO: Request to securepubads.g.doubleclick.net blocked by host blocker.
01:24:33 INFO: Request to c.amazon-adsystem.com blocked by host blocker.
01:24:33 INFO: Request to www.google-analytics.com blocked by host blocker.
01:24:33 INFO: Request to cdn.viglink.com blocked by host blocker.
01:24:33 INFO: Request to sb.scorecardresearch.com blocked by host blocker.
01:24:34 INFO: Request to adservice.google.com blocked by host blocker.
01:24:34 INFO: Request to sb.scorecardresearch.com blocked by host blocker.
01:24:34 INFO: Request to www.google-analytics.com blocked by host blocker.
01:24:34 INFO: Request to sb.scorecardresearch.com blocked by host blocker.
01:24:34 INFO: Request to log.pinterest.com blocked by host blocker.
01:24:35 INFO: Request to pubads.g.doubleclick.net blocked by host blocker.
01:24:35 INFO: Request to pubads.g.doubleclick.net blocked by host blocker.
20:46:54 INFO: Request to www.google-analytics.com blocked by host blocker.
20:46:54 INFO: Request to idsync.rlcdn.com blocked by host blocker.
20:46:54 INFO: Request to js.adsrvr.org blocked by host blocker.
20:46:56 INFO: Request to match.adsrvr.org blocked by host blocker.
20:46:56 INFO: Request to secure-us.imrworldwide.com blocked by host blocker.
20:46:56 INFO: Request to www.googleadservices.com blocked by host blocker.
20:46:56 INFO: Request to adservice.google.com blocked by host blocker.
20:46:56 INFO: Request to s.adroll.com blocked by host blocker.
20:47:45 INFO: Request to ssl.google-analytics.com blocked by host blocker.
20:47:45 INFO: Request to secure.quantserve.com blocked by host blocker.
20:48:24 INFO: Request to www.google-analytics.com blocked by host blocker.
21:28:33 INFO: Request to www.google-analytics.com blocked by host blocker.
21:28:33 INFO: Request to www.googletagservices.com blocked by host blocker.
21:28:33 INFO: Request to c.amazon-adsystem.com blocked by host blocker.
21:28:33 INFO: Request to vendorlist.consensu.org blocked by host blocker.
21:30:11 INFO: Request to www.googletagservices.com blocked by host blocker.
21:30:11 INFO: Request to www.google-analytics.com blocked by host blocker.
21:30:11 INFO: Request to secure.quantserve.com blocked by host blocker.
21:30:11 INFO: Request to sb.scorecardresearch.com blocked by host blocker.
21:30:40 WARNING: Text 'headp' not found on page!
21:30:40 WARNING: Text 'headph' not found on page!
21:30:40 WARNING: Text 'headpho' not found on page!
21:30:40 WARNING: Text 'headphon' not found on page!
21:30:40 WARNING: Text 'headphone' not found on page!
21:34:17 INFO: Request to googleads.g.doubleclick.net blocked by host blocker.
21:34:21 INFO: Request to googleads.g.doubleclick.net blocked by host blocker.
21:34:22 INFO: Request to tpc.googlesyndication.com blocked by host blocker.
21:34:22 INFO: Request to ad.doubleclick.net blocked by host blocker.
21:34:22 INFO: Request to pagead2.googlesyndication.com blocked by host blocker.
21:34:22 INFO: Request to ade.googlesyndication.com blocked by host blocker.
21:34:22 INFO: Request to ade.googlesyndication.com blocked by host blocker.
21:34:24 INFO: Request to static.doubleclick.net blocked by host blocker.
21:34:24 INFO: Request to ade.googlesyndication.com blocked by host blocker.
21:34:24 INFO: Request to pagead2.googlesyndication.com blocked by host blocker.
21:34:24 INFO: Request to ade.googlesyndication.com blocked by host blocker.
21:34:25 INFO: Request to ade.googlesyndication.com blocked by host blocker.
21:34:25 INFO: Request to pagead2.googlesyndication.com blocked by host blocker.
21:34:25 INFO: Request to ade.googlesyndication.com blocked by host blocker.
21:34:27 INFO: Request to ade.googlesyndication.com blocked by host blocker.
21:34:28 INFO: Request to tpc.googlesyndication.com blocked by host blocker.
21:34:28 INFO: Request to ade.googlesyndication.com blocked by host blocker.
21:34:29 INFO: Request to tpc.googlesyndication.com blocked by host blocker.
21:36:17 INFO: Request to googleads.g.doubleclick.net blocked by host blocker.
21:36:21 INFO: Request to googleads.g.doubleclick.net blocked by host blocker.
21:37:55 INFO: Request to www.google-analytics.com blocked by host blocker.
21:38:53 INFO: Request to www.googletagservices.com blocked by host blocker.
21:38:53 INFO: Request to www.google-analytics.com blocked by host blocker.
21:38:53 INFO: Request to secure.quantserve.com blocked by host blocker.
21:38:53 INFO: Request to sb.scorecardresearch.com blocked by host blocker.
21:39:20 INFO: Request to googleads.g.doubleclick.net blocked by host blocker.
21:39:24 INFO: Request to googleads.g.doubleclick.net blocked by host blocker.
21:39:24 INFO: Request to tpc.googlesyndication.com blocked by host blocker.
21:39:25 INFO: Request to tpc.googlesyndication.com blocked by host blocker.
21:39:26 INFO: Request to static.doubleclick.net blocked by host blocker.
21:39:35 INFO: Request to www.googleadservices.com blocked by host blocker.
21:40:56 INFO: Request to googleads.g.doubleclick.net blocked by host blocker.
21:40:58 INFO: Request to static.doubleclick.net blocked by host blocker.
21:41:06 INFO: Request to googleads.g.doubleclick.net blocked by host blocker.
21:41:29 INFO: Request to googleads.g.doubleclick.net blocked by host blocker.
21:41:29 INFO: Request to googleads.g.doubleclick.net blocked by host blocker.
21:41:29 INFO: Request to tpc.googlesyndication.com blocked by host blocker.
21:42:47 INFO: Request to googleads.g.doubleclick.net blocked by host blocker.
21:42:48 INFO: Request to tpc.googlesyndication.com blocked by host blocker.
21:42:49 INFO: Request to googleads.g.doubleclick.net blocked by host blocker.
21:42:49 INFO: Request to ad.doubleclick.net blocked by host blocker.
21:42:49 INFO: Request to pagead2.googlesyndication.com blocked by host blocker.
21:42:49 INFO: Request to pagead2.googlesyndication.com blocked by host blocker.
21:42:49 INFO: Request to ade.googlesyndication.com blocked by host blocker.
21:42:49 INFO: Request to pagead2.googlesyndication.com blocked by host blocker.
21:42:49 INFO: Request to pagead2.googlesyndication.com blocked by host blocker.
21:42:49 INFO: Request to pagead2.googlesyndication.com blocked by host blocker.
21:42:49 INFO: Request to ade.googlesyndication.com blocked by host blocker.
21:42:50 INFO: Request to static.doubleclick.net blocked by host blocker.
21:42:51 INFO: Request to tpc.googlesyndication.com blocked by host blocker.
21:42:52 INFO: Request to pagead2.googlesyndication.com blocked by host blocker.
21:42:52 INFO: Request to pagead2.googlesyndication.com blocked by host blocker.
21:42:52 INFO: Request to ade.googlesyndication.com blocked by host blocker.
21:42:53 INFO: Request to pagead2.googlesyndication.com blocked by host blocker.
21:42:53 INFO: Request to ade.googlesyndication.com blocked by host blocker.
21:42:56 INFO: Request to pagead2.googlesyndication.com blocked by host blocker.
21:42:56 INFO: Request to ade.googlesyndication.com blocked by host blocker.
[12982:12982:0512/214357.569983:ERROR:zygote_communication_linux.cc(292)] Failed to send GetTerminationStatus message to zygote
[12982:12982:0512/214358.572477:ERROR:zygote_communication_linux.cc(292)] Failed to send GetTerminationStatus message to zygote
[12982:12982:0512/214358.577663:ERROR:zygote_communication_linux.cc(292)] Failed to send GetTerminationStatus message to zygote
[12982:12982:0512/214404.082166:ERROR:child_process_launcher.cc(522)] Failed to launch child process
21:44:04 ERROR: Renderer process did not start
[12982:12982:0512/214404.257797:ERROR:child_process_launcher.cc(522)] Failed to launch child process
21:44:04 ERROR: Renderer process did not start
[12982:12982:0512/214404.395475:ERROR:child_process_launcher.cc(522)] Failed to launch child process
21:44:04 ERROR: Renderer process did not start
[12982:12982:0512/214404.539660:ERROR:child_process_launcher.cc(522)] Failed to launch child process
21:44:04 ERROR: Renderer process did not start
00:39:23 WARNING: The X11 connection broke (error 1). Did the X11 server die?
Discord 0.0.10
Starting app.
Starting updater.
[Modules] Modules initializing
[Modules] Distribution: remote
[Modules] Host updates: enabled
[Modules] Module updates: enabled
[Modules] Module install path: /home/a/.config/discord/0.0.10/modules
[Modules] Module installed file path: /home/a/.config/discord/0.0.10/modules/installed.json
[Modules] Module download path: /home/a/.config/discord/0.0.10/modules/pending
[8997:0515/170059.889407:ERROR:buffer_manager.cc(488)] [.DisplayCompositor]GL ERROR :GL_INVALID_OPERATION : glBufferData: <- error from previous GL command
[Modules] No updates to install
[Modules] Checking for host updates.
[Modules] Host is up to date.
[Modules] Checking for module updates at https://discordapp.com/api/modules/stable/versions.json
[Modules] No module updates available.
[8997:0515/170100.512858:ERROR:buffer_manager.cc(488)] [.DisplayCompositor]GL ERROR :GL_INVALID_OPERATION : glBufferData: <- error from previous GL command
[Modules] Starting to install discord_krisp...
[Modules] Fetching discord_krisp@0 from https://discordapp.com/api/modules/stable/discord_krisp/0
[Modules] Streaming discord_krisp@0 to /home/a/.config/discord/0.0.10/modules/pending/discord_krisp-0.zip
Error downloading with electron net: HTTP Error: Status Code 403
Falling back to node net library..
(electron) 'isAccessibilitySupportEnabled function' is deprecated and will be removed. Please use 'accessibilitySupportEnabled property' instead.
[Modules] Failed fetching module discord_krisp@0: Error: HTTP Error: Status Code 403
[Modules] Finished module downloads. [success: 0] [failure: 1]
(electron) 'setBadgeCount function' is deprecated and will be removed. Please use 'badgeCount property' instead.
17:03:10 INFO: Opening in existing instance

(discord:8940): libnotify-WARNING **: 17:14:51.159: Failed to connect to proxy

(discord:8940): libnotify-WARNING **: 17:14:51.162: Failed to connect to proxy

(discord:8940): libnotify-WARNING **: 17:14:51.165: Failed to connect to proxy

(discord:8940): libnotify-WARNING **: 17:15:02.488: Failed to connect to proxy

(discord:8940): libnotify-WARNING **: 17:15:02.492: Failed to connect to proxy

(discord:8940): libnotify-WARNING **: 17:15:02.496: Failed to connect to proxy

(discord:8940): libnotify-WARNING **: 17:15:17.566: Failed to connect to proxy

(discord:8940): libnotify-WARNING **: 17:15:17.569: Failed to connect to proxy

(discord:8940): libnotify-WARNING **: 17:15:17.572: Failed to connect to proxy

(discord:8940): libnotify-WARNING **: 17:23:50.132: Failed to connect to proxy

(discord:8940): libnotify-WARNING **: 17:23:50.137: Failed to connect to proxy

(discord:8940): libnotify-WARNING **: 17:23:50.141: Failed to connect to proxy

(discord:8940): libnotify-WARNING **: 17:37:27.820: Failed to connect to proxy

(discord:8940): libnotify-WARNING **: 17:37:27.824: Failed to connect to proxy

(discord:8940): libnotify-WARNING **: 17:37:27.825: Failed to connect to proxy
[000:000] [9118] (audio_send_stream.cc:285): Failed to set up send codec state.
[000:035] [9118] (audio_send_stream.cc:285): Failed to set up send codec state.
[000:036] [9118] (audio_device_generic.cc:31): BuiltInAECIsAvailable: Not supported on this platform
[000:079] [9118] (audio_send_stream.cc:285): Failed to set up send codec state.
[OpenH264] this = 0x0x315c005debd0, Warning:ParamValidation(), AdaptiveQuant(1) is not supported yet for screen content, auto turned off
[OpenH264] this = 0x0x315c005debd0, Warning:ParamValidation(), AdaptiveQuant(1) is not supported yet for screen content, auto turned off
[OpenH264] this = 0x0x315bff916240, Warning:ParamValidation(), AdaptiveQuant(1) is not supported yet for screen content, auto turned off
[560:814] [9122] (audio_device_pulse_linux.cc:1855): Can't query latency

(discord:8940): libnotify-WARNING **: 17:55:16.969: Failed to connect to proxy

(discord:8940): libnotify-WARNING **: 17:55:16.972: Failed to connect to proxy

(discord:8940): libnotify-WARNING **: 17:55:16.977: Failed to connect to proxy
[Modules] Checking for host updates.
[Modules] Host is up to date.
[Modules] Checking for module updates at https://discordapp.com/api/modules/stable/versions.json
[Modules] No module updates available.
[OpenH264] this = 0x0x315bff916240, Warning:Actual input framerate 22.000000 is different from framerate in setting 30.000000, suggest to use other rate control modes
[1686:294] [9122] (audio_device_pulse_linux.cc:1855): Can't query latency
18:12:27 INFO: Opening in existing instance
18:12:51 INFO: Opening in existing instance
18:14:34 INFO: Opening in existing instance
[OpenH264] this = 0x0x315bff916240, Warning:[Rc] iDid = 0,iContinualSkipFrames(3) is large
[OpenH264] this = 0x0x315bff916240, Warning:[Rc] iDid = 0,iContinualSkipFrames(6) is large
[OpenH264] this = 0x0x315bff916240, Warning:[Rc] iDid = 0,iContinualSkipFrames(3) is large
[OpenH264] this = 0x0x315bff916240, Warning:[Rc] iDid = 0,iContinualSkipFrames(6) is large
[OpenH264] this = 0x0x315bff916240, Warning:[Rc] iDid = 0,iContinualSkipFrames(3) is large
[OpenH264] this = 0x0x315bff916240, Warning:[Rc] iDid = 0,iContinualSkipFrames(6) is large
[OpenH264] this = 0x0x315bff916240, Warning:[Rc] iDid = 0,iContinualSkipFrames(3) is large
[OpenH264] this = 0x0x315bff916240, Warning:Actual input framerate 17.000000 is different from framerate in setting 30.000000, suggest to use other rate control modes
[OpenH264] this = 0x0x315bff916240, Warning:[Rc] iDid = 0,iContinualSkipFrames(3) is large
[3532:156] [9122] (audio_device_pulse_linux.cc:1855): Can't query latency

(discord:8940): libnotify-WARNING **: 18:40:34.990: Failed to connect to proxy

(discord:8940): libnotify-WARNING **: 18:40:34.994: Failed to connect to proxy

(discord:8940): libnotify-WARNING **: 18:40:34.997: Failed to connect to proxy

(discord:8940): libnotify-WARNING **: 18:40:55.003: Failed to connect to proxy

(discord:8940): libnotify-WARNING **: 18:40:55.006: Failed to connect to proxy

(discord:8940): libnotify-WARNING **: 18:40:55.008: Failed to connect to proxy

(discord:8940): libnotify-WARNING **: 18:40:59.977: Failed to connect to proxy

(discord:8940): libnotify-WARNING **: 18:40:59.982: Failed to connect to proxy

(discord:8940): libnotify-WARNING **: 18:40:59.985: Failed to connect to proxy

(discord:8940): libnotify-WARNING **: 18:41:03.033: Failed to connect to proxy

(discord:8940): libnotify-WARNING **: 18:41:03.036: Failed to connect to proxy

(discord:8940): libnotify-WARNING **: 18:41:03.038: Failed to connect to proxy

(discord:8940): libnotify-WARNING **: 18:41:03.049: Failed to connect to proxy

(discord:8940): libnotify-WARNING **: 18:41:03.051: Failed to connect to proxy

(discord:8940): libnotify-WARNING **: 18:41:03.055: Failed to connect to proxy

(discord:8940): libnotify-WARNING **: 18:41:06.956: Failed to connect to proxy

(discord:8940): libnotify-WARNING **: 18:41:06.959: Failed to connect to proxy

(discord:8940): libnotify-WARNING **: 18:41:06.960: Failed to connect to proxy

(discord:8940): libnotify-WARNING **: 18:41:11.939: Failed to connect to proxy

(discord:8940): libnotify-WARNING **: 18:41:11.941: Failed to connect to proxy

(discord:8940): libnotify-WARNING **: 18:41:11.944: Failed to connect to proxy

(discord:8940): libnotify-WARNING **: 18:41:15.033: Failed to connect to proxy

(discord:8940): libnotify-WARNING **: 18:41:15.039: Failed to connect to proxy

(discord:8940): libnotify-WARNING **: 18:41:15.042: Failed to connect to proxy

(discord:8940): libnotify-WARNING **: 18:41:17.981: Failed to connect to proxy

(discord:8940): libnotify-WARNING **: 18:41:17.984: Failed to connect to proxy

(discord:8940): libnotify-WARNING **: 18:41:17.987: Failed to connect to proxy

(discord:8940): libnotify-WARNING **: 18:41:17.998: Failed to connect to proxy

(discord:8940): libnotify-WARNING **: 18:41:18.001: Failed to connect to proxy

(discord:8940): libnotify-WARNING **: 18:41:18.003: Failed to connect to proxy

(discord:8940): libnotify-WARNING **: 18:41:19.998: Failed to connect to proxy

(discord:8940): libnotify-WARNING **: 18:41:20.001: Failed to connect to proxy

(discord:8940): libnotify-WARNING **: 18:41:20.005: Failed to connect to proxy

(discord:8940): libnotify-WARNING **: 18:41:20.010: Failed to connect to proxy

(discord:8940): libnotify-WARNING **: 18:41:20.012: Failed to connect to proxy

(discord:8940): libnotify-WARNING **: 18:41:20.016: Failed to connect to proxy

(discord:8940): libnotify-WARNING **: 18:41:22.978: Failed to connect to proxy

(discord:8940): libnotify-WARNING **: 18:41:22.981: Failed to connect to proxy

(discord:8940): libnotify-WARNING **: 18:41:22.985: Failed to connect to proxy

(discord:8940): libnotify-WARNING **: 18:41:29.972: Failed to connect to proxy

(discord:8940): libnotify-WARNING **: 18:41:29.974: Failed to connect to proxy

(discord:8940): libnotify-WARNING **: 18:41:29.975: Failed to connect to proxy

(discord:8940): libnotify-WARNING **: 18:41:29.981: Failed to connect to proxy

(discord:8940): libnotify-WARNING **: 18:41:29.983: Failed to connect to proxy

(discord:8940): libnotify-WARNING **: 18:41:29.984: Failed to connect to proxy

(discord:8940): libnotify-WARNING **: 18:41:32.975: Failed to connect to proxy

(discord:8940): libnotify-WARNING **: 18:41:32.980: Failed to connect to proxy

(discord:8940): libnotify-WARNING **: 18:41:32.991: Failed to connect to proxy

(discord:8940): libnotify-WARNING **: 18:41:38.975: Failed to connect to proxy

(discord:8940): libnotify-WARNING **: 18:41:38.979: Failed to connect to proxy

(discord:8940): libnotify-WARNING **: 18:41:38.982: Failed to connect to proxy

(discord:8940): libnotify-WARNING **: 18:46:41.826: Failed to connect to proxy

(discord:8940): libnotify-WARNING **: 18:46:41.829: Failed to connect to proxy

(discord:8940): libnotify-WARNING **: 18:46:41.834: Failed to connect to proxy
18:46:56 INFO: Opening in existing instance

(discord:8940): libnotify-WARNING **: 18:46:56.648: Failed to connect to proxy

(discord:8940): libnotify-WARNING **: 18:46:56.650: Failed to connect to proxy

(discord:8940): libnotify-WARNING **: 18:46:56.654: Failed to connect to proxy

(discord:8940): libnotify-WARNING **: 18:46:58.048: Failed to connect to proxy

(discord:8940): libnotify-WARNING **: 18:46:58.051: Failed to connect to proxy

(discord:8940): libnotify-WARNING **: 18:46:58.053: Failed to connect to proxy

(discord:8940): libnotify-WARNING **: 18:46:59.681: Failed to connect to proxy

(discord:8940): libnotify-WARNING **: 18:46:59.684: Failed to connect to proxy

(discord:8940): libnotify-WARNING **: 18:46:59.687: Failed to connect to proxy

(discord:8940): libnotify-WARNING **: 18:47:02.373: Failed to connect to proxy

(discord:8940): libnotify-WARNING **: 18:47:02.378: Failed to connect to proxy

(discord:8940): libnotify-WARNING **: 18:47:02.381: Failed to connect to proxy

(discord:8940): libnotify-WARNING **: 18:47:04.658: Failed to connect to proxy

(discord:8940): libnotify-WARNING **: 18:47:04.662: Failed to connect to proxy

(discord:8940): libnotify-WARNING **: 18:47:04.666: Failed to connect to proxy

(discord:8940): libnotify-WARNING **: 18:47:06.524: Failed to connect to proxy

(discord:8940): libnotify-WARNING **: 18:47:06.526: Failed to connect to proxy

(discord:8940): libnotify-WARNING **: 18:47:06.528: Failed to connect to proxy
